-------------------------------------------------------------------------------
Test set: com.mycompany.app.app2Test
-------------------------------------------------------------------------------
Tests run: 7, Failures: 0, Errors: 7, Skipped: 0, Time elapsed: 0.048 s <<< FAILURE! - in com.mycompany.app.app2Test
count1(com.mycompany.app.app2Test)  Time elapsed: 0.007 s  <<< ERROR!
java.lang.Error: 
Unresolved compilation problem: 
	This method must return a result of type boolean

	at com.mycompany.app.app2Test.count1(app2Test.java:9)

count2(com.mycompany.app.app2Test)  Time elapsed: 0 s  <<< ERROR!
java.lang.Error: 
Unresolved compilation problem: 
	This method must return a result of type boolean

	at com.mycompany.app.app2Test.count2(app2Test.java:14)

count3(com.mycompany.app.app2Test)  Time elapsed: 0.004 s  <<< ERROR!
java.lang.Error: 
Unresolved compilation problem: 
	This method must return a result of type boolean

	at com.mycompany.app.app2Test.count3(app2Test.java:19)

count4(com.mycompany.app.app2Test)  Time elapsed: 0 s  <<< ERROR!
java.lang.Error: 
Unresolved compilation problem: 
	This method must return a result of type boolean

	at com.mycompany.app.app2Test.count4(app2Test.java:24)

count5(com.mycompany.app.app2Test)  Time elapsed: 0 s  <<< ERROR!
java.lang.Error: 
Unresolved compilation problem: 
	This method must return a result of type boolean

	at com.mycompany.app.app2Test.count5(app2Test.java:29)

count6(com.mycompany.app.app2Test)  Time elapsed: 0.001 s  <<< ERROR!
java.lang.Error: 
Unresolved compilation problem: 
	This method must return a result of type boolean

	at com.mycompany.app.app2Test.count6(app2Test.java:34)

count7(com.mycompany.app.app2Test)  Time elapsed: 0.001 s  <<< ERROR!
java.lang.Error: 
Unresolved compilation problem: 
	This method must return a result of type boolean

	at com.mycompany.app.app2Test.count7(app2Test.java:39)

